npm verbose cli C:\Program Files\nodejs\node.exe C:\Users\pedro\AppData\Roaming\npm\node_modules\npm\bin\npm-cli.js
npm info using npm@10.8.1
npm info using node@v20.12.1
npm verbose title npm install
npm verbose argv "install" "--legacy-peer-deps" "--loglevel" "verbose"
npm verbose logfile logs-max:10 dir:C:\Users\pedro\AppData\Local\npm-cache\_logs\2024-08-06T03_00_24_557Z-
npm verbose logfile C:\Users\pedro\AppData\Local\npm-cache\_logs\2024-08-06T03_00_24_557Z-debug-0.log
npm http fetch GET 200 https://registry.npmjs.org/@faker-js%2ffaker 12ms (cache hit)
npm http fetch GET 200 https://registry.npmjs.org/browserstack-cypress-cli 6ms (cache hit)
npm http fetch GET 200 https://registry.npmjs.org/cypress 6ms (cache hit)
npm http fetch GET 200 https://registry.npmjs.org/cypress-mochawesome-reporter 4ms (cache hit)
npm http fetch GET 200 https://registry.npmjs.org/archiver 23ms (cache hit)
npm http fetch GET 200 https://registry.npmjs.org/browserstack-local 25ms (cache hit)
npm http fetch GET 200 https://registry.npmjs.org/async 27ms (cache hit)
npm http fetch GET 200 https://registry.npmjs.org/cli-progress 29ms (cache hit)
npm http fetch GET 200 https://registry.npmjs.org/fs-extra 31ms (cache hit)
npm http fetch GET 200 https://registry.npmjs.org/git-repo-info 33ms (cache hit)
npm http fetch GET 200 https://registry.npmjs.org/git-last-commit 35ms (cache hit)
npm http fetch GET 200 https://registry.npmjs.org/chalk 39ms (cache hit)
npm http fetch GET 200 https://registry.npmjs.org/getmac 42ms (cache hit)
npm http fetch GET 200 https://registry.npmjs.org/gitconfiglocal 50ms (cache hit)
npm http fetch GET 200 https://registry.npmjs.org/glob 51ms (cache hit)
npm http fetch GET 200 https://registry.npmjs.org/mocha 60ms (cache hit)
npm http fetch GET 200 https://registry.npmjs.org/mkdirp 87ms (cache hit)
npm http fetch GET 200 https://registry.npmjs.org/node-ipc 89ms (cache hit)
npm http fetch GET 200 https://registry.npmjs.org/request 91ms (cache hit)
npm http fetch GET 200 https://registry.npmjs.org/windows-release 82ms (cache hit)
npm http fetch GET 200 https://registry.npmjs.org/requestretry 96ms (cache hit)
npm http fetch GET 200 https://registry.npmjs.org/decompress 81ms (cache hit)
npm http fetch GET 200 https://registry.npmjs.org/winston 89ms (cache hit)
npm http fetch GET 200 https://registry.npmjs.org/update-notifier 102ms (cache hit)
npm http fetch GET 200 https://registry.npmjs.org/table 107ms (cache hit)
npm http fetch GET 200 https://registry.npmjs.org/yargs 99ms (cache hit)
npm http fetch GET 200 https://registry.npmjs.org/uuid 115ms (cache hit)
npm http fetch GET 200 https://registry.npmjs.org/tmp 98ms (cache hit)
npm http fetch GET 200 https://registry.npmjs.org/arch 98ms (cache hit)
npm http fetch GET 200 https://registry.npmjs.org/debug 68ms (cache hit)
npm http fetch GET 200 https://registry.npmjs.org/dayjs 100ms (cache hit)
npm http fetch GET 200 https://registry.npmjs.org/execa 74ms (cache hit)
npm http fetch GET 200 https://registry.npmjs.org/getos 73ms (cache hit)
npm http fetch GET 200 https://registry.npmjs.org/is-ci 71ms (cache hit)
npm http fetch GET 200 https://registry.npmjs.org/yauzl 64ms (cache hit)
npm http fetch GET 200 https://registry.npmjs.org/buffer 62ms (cache hit)
npm http fetch GET 200 https://registry.npmjs.org/semver 52ms (cache hit)
npm http fetch GET 200 https://registry.npmjs.org/lodash 61ms (cache hit)
npm http fetch GET 200 https://registry.npmjs.org/listr2 71ms (cache hit)
npm http fetch GET 200 https://registry.npmjs.org/ospath 70ms (cache hit)
npm http fetch GET 200 https://registry.npmjs.org/figures 60ms (cache hit)
npm http fetch GET 200 https://registry.npmjs.org/process 61ms (cache hit)
npm http fetch GET 200 https://registry.npmjs.org/cachedir 58ms (cache hit)
npm http fetch GET 200 https://registry.npmjs.org/bluebird 62ms (cache hit)
npm http fetch GET 200 https://registry.npmjs.org/lazy-ass 53ms (cache hit)
npm http fetch GET 200 https://registry.npmjs.org/enquirer 60ms (cache hit)
npm http fetch GET 200 https://registry.npmjs.org/minimist 58ms (cache hit)
npm http fetch GET 200 https://registry.npmjs.org/blob-util 59ms (cache hit)
npm http fetch GET 200 https://registry.npmjs.org/commander 60ms (cache hit)
npm http fetch GET 200 https://registry.npmjs.org/untildify 63ms (cache hit)
npm http fetch GET 200 https://registry.npmjs.org/cli-cursor 61ms (cache hit)
npm http fetch GET 200 https://registry.npmjs.org/cli-table3 58ms (cache hit)
npm http fetch GET 200 https://registry.npmjs.org/executable 57ms (cache hit)
npm http fetch GET 200 https://registry.npmjs.org/common-tags 52ms (cache hit)
npm http fetch GET 200 https://registry.npmjs.org/extract-zip 53ms (cache hit)
npm http fetch GET 200 https://registry.npmjs.org/log-symbols 53ms (cache hit)
npm http fetch GET 200 https://registry.npmjs.org/pretty-bytes 52ms (cache hit)
npm http fetch GET 200 https://registry.npmjs.org/@cypress%2fxvfb 51ms (cache hit)
npm http fetch GET 200 https://registry.npmjs.org/@types%2fsizzle 48ms (cache hit)
npm http fetch GET 200 https://registry.npmjs.org/eventemitter2 47ms (cache hit)
npm http fetch GET 200 https://registry.npmjs.org/proxy-from-env 47ms (cache hit)
npm http fetch GET 200 https://registry.npmjs.org/supports-color 42ms (cache hit)
npm http fetch GET 200 https://registry.npmjs.org/@cypress%2frequest 42ms (cache hit)
npm http fetch GET 200 https://registry.npmjs.org/check-more-types 35ms (cache hit)
npm http fetch GET 200 https://registry.npmjs.org/request-progress 31ms (cache hit)
npm http fetch GET 200 https://registry.npmjs.org/is-installed-globally 31ms (cache hit)
npm http fetch GET 200 https://registry.npmjs.org/@types%2fsinonjs__fake-timers 32ms (cache hit)
npm http fetch GET 200 https://registry.npmjs.org/mochawesome-merge 26ms (cache hit)
npm http fetch GET 200 https://registry.npmjs.org/mochawesome 30ms (cache hit)
npm http fetch GET 200 https://registry.npmjs.org/mochawesome-report-generator 26ms (cache hit)
npm http fetch GET 200 https://registry.npmjs.org/buffer-crc32 26ms (cache hit)
npm http fetch GET 200 https://registry.npmjs.org/archiver-utils 29ms (cache hit)
npm http fetch GET 200 https://registry.npmjs.org/readdir-glob 28ms (cache hit)
npm http fetch GET 200 https://registry.npmjs.org/agent-base 26ms (cache hit)
npm http fetch GET 200 https://registry.npmjs.org/https-proxy-agent 30ms (cache hit)
npm http fetch GET 200 https://registry.npmjs.org/tar-stream 32ms (cache hit)
npm http fetch GET 200 https://registry.npmjs.org/is-running 33ms (cache hit)
npm http fetch GET 200 https://registry.npmjs.org/ps-tree 33ms (cache hit)
npm http fetch GET 200 https://registry.npmjs.org/readable-stream 37ms (cache hit)
npm http fetch GET 200 https://registry.npmjs.org/zip-stream 41ms (cache hit)
npm http fetch GET 200 https://registry.npmjs.org/temp-fs 42ms (cache hit)
npm http fetch GET 200 https://registry.npmjs.org/string-width 41ms (cache hit)
npm http fetch GET 200 https://registry.npmjs.org/ansi-styles 43ms (cache hit)
npm http fetch GET 200 https://registry.npmjs.org/decompress-tar 42ms (cache hit)
npm http fetch GET 200 https://registry.npmjs.org/decompress-tarbz2 43ms (cache hit)
npm http fetch GET 200 https://registry.npmjs.org/strip-dirs 32ms (cache hit)
npm http fetch GET 200 https://registry.npmjs.org/graceful-fs 39ms (cache hit)
npm http fetch GET 200 https://registry.npmjs.org/decompress-unzip 42ms (cache hit)
npm http fetch GET 200 https://registry.npmjs.org/decompress-targz 44ms (cache hit)
npm http fetch GET 200 https://registry.npmjs.org/make-dir 41ms (cache hit)
npm http fetch GET 200 https://registry.npmjs.org/universalify 32ms (cache hit)
npm http fetch GET 200 https://registry.npmjs.org/pify 43ms (cache hit)
npm http fetch GET 200 https://registry.npmjs.org/graceful-fs 41ms (cache hit)
npm http fetch GET 200 https://registry.npmjs.org/ini 33ms (cache hit)
npm http fetch GET 200 https://registry.npmjs.org/jsonfile 44ms (cache hit)
npm http fetch GET 200 https://registry.npmjs.org/@types%2fnode 47ms (cache hit)
npm http fetch GET 200 https://registry.npmjs.org/once 116ms (cache hit)
npm http fetch GET 200 https://registry.npmjs.org/inflight 115ms (cache hit)
npm http fetch GET 200 https://registry.npmjs.org/inherits 115ms (cache hit)
npm http fetch GET 200 https://registry.npmjs.org/minimatch 117ms (cache hit)
npm http fetch GET 200 https://registry.npmjs.org/path-is-absolute 112ms (cache hit)
npm http fetch GET 200 https://registry.npmjs.org/fs.realpath 115ms (cache hit)
npm http fetch GET 200 https://registry.npmjs.org/browser-stdout 112ms (cache hit)
npm http fetch GET 200 https://registry.npmjs.org/ansi-colors 113ms (cache hit)
npm http fetch GET 200 https://registry.npmjs.org/chokidar 112ms (cache hit)
npm http fetch GET 200 https://registry.npmjs.org/he 109ms (cache hit)
npm http fetch GET 200 https://registry.npmjs.org/find-up 113ms (cache hit)
npm http fetch GET 200 https://registry.npmjs.org/escape-string-regexp 115ms (cache hit)
npm http fetch GET 200 https://registry.npmjs.org/diff 117ms (cache hit)
npm http fetch GET 200 https://registry.npmjs.org/minimatch 35ms (cache hit)
npm http fetch GET 200 https://registry.npmjs.org/js-yaml 121ms (cache hit)
npm http fetch GET 200 https://registry.npmjs.org/ms 42ms (cache hit)
npm http fetch GET 200 https://registry.npmjs.org/serialize-javascript 44ms (cache hit)
npm http fetch GET 200 https://registry.npmjs.org/strip-json-comments 44ms (cache hit)
npm http fetch GET 200 https://registry.npmjs.org/workerpool 41ms (cache hit)
npm http fetch GET 200 https://registry.npmjs.org/yargs-unparser 42ms (cache hit)
npm http fetch GET 200 https://registry.npmjs.org/yargs-parser 45ms (cache hit)
npm http fetch GET 200 https://registry.npmjs.org/js-message 42ms (cache hit)
npm http fetch GET 200 https://registry.npmjs.org/js-queue 42ms (cache hit)
npm http fetch GET 200 https://registry.npmjs.org/event-pubsub 47ms (cache hit)
npm http fetch GET 200 https://registry.npmjs.org/aws-sign2 42ms (cache hit)
npm http fetch GET 200 https://registry.npmjs.org/yargs 54ms (cache hit)
npm http fetch GET 200 https://registry.npmjs.org/caseless 47ms (cache hit)
npm http fetch GET 200 https://registry.npmjs.org/aws4 51ms (cache hit)
npm http fetch GET 200 https://registry.npmjs.org/combined-stream 47ms (cache hit)
npm http fetch GET 200 https://registry.npmjs.org/extend 48ms (cache hit)
npm http fetch GET 200 https://registry.npmjs.org/forever-agent 46ms (cache hit)
npm http fetch GET 200 https://registry.npmjs.org/form-data 46ms (cache hit)
npm http fetch GET 200 https://registry.npmjs.org/har-validator 48ms (cache hit)
npm http fetch GET 200 https://registry.npmjs.org/http-signature 47ms (cache hit)
npm http fetch GET 200 https://registry.npmjs.org/is-typedarray 46ms (cache hit)
npm http fetch GET 200 https://registry.npmjs.org/isstream 44ms (cache hit)
npm http fetch GET 200 https://registry.npmjs.org/json-stringify-safe 43ms (cache hit)
npm http fetch GET 200 https://registry.npmjs.org/mime-types 44ms (cache hit)
npm http fetch GET 200 https://registry.npmjs.org/oauth-sign 44ms (cache hit)
npm http fetch GET 200 https://registry.npmjs.org/performance-now 44ms (cache hit)
npm http fetch GET 200 https://registry.npmjs.org/qs 38ms (cache hit)
npm http fetch GET 200 https://registry.npmjs.org/safe-buffer 41ms (cache hit)
npm http fetch GET 200 https://registry.npmjs.org/tough-cookie 42ms (cache hit)
npm http fetch GET 200 https://registry.npmjs.org/tunnel-agent 40ms (cache hit)
npm http fetch GET 200 https://registry.npmjs.org/slice-ansi 38ms (cache hit)
npm http fetch GET 200 https://registry.npmjs.org/pupa 36ms (cache hit)
npm http fetch GET 200 https://registry.npmjs.org/ajv 43ms (cache hit)
npm http fetch GET 200 https://registry.npmjs.org/is-npm 41ms (cache hit)
npm http fetch GET 200 https://registry.npmjs.org/boxen 44ms (cache hit)
npm http fetch GET 200 https://registry.npmjs.org/is-in-ci 38ms (cache hit)
npm http fetch GET 200 https://registry.npmjs.org/configstore 40ms (cache hit)
npm http fetch GET 200 https://registry.npmjs.org/import-lazy 42ms (cache hit)
npm http fetch GET 200 https://registry.npmjs.org/semver-diff 43ms (cache hit)
npm http fetch GET 200 https://registry.npmjs.org/xdg-basedir 44ms (cache hit)
npm http fetch GET 200 https://registry.npmjs.org/eyes 40ms (cache hit)
npm http fetch GET 200 https://registry.npmjs.org/latest-version 45ms (cache hit)
npm http fetch GET 200 https://registry.npmjs.org/cycle 40ms (cache hit)
npm http fetch GET 200 https://registry.npmjs.org/colors 39ms (cache hit)
npm http fetch GET 200 https://registry.npmjs.org/stack-trace 37ms (cache hit)
npm http fetch GET 200 https://registry.npmjs.org/decamelize 26ms (cache hit)
npm http fetch GET 200 https://registry.npmjs.org/y18n 35ms (cache hit)
npm http fetch GET 200 https://registry.npmjs.org/cliui 35ms (cache hit)
npm http fetch GET 200 https://registry.npmjs.org/set-blocking 27ms (cache hit)
npm http fetch GET 200 https://registry.npmjs.org/which-module 26ms (cache hit)
npm http fetch GET 200 https://registry.npmjs.org/require-directory 19ms (cache hit)
npm http fetch GET 200 https://registry.npmjs.org/get-caller-file 21ms (cache hit)
npm http fetch GET 200 https://registry.npmjs.org/require-main-filename 18ms (cache hit)
npm http fetch GET 200 https://registry.npmjs.org/lazystream 23ms (cache hit)
npm http fetch GET 200 https://registry.npmjs.org/lodash.difference 22ms (cache hit)
npm http fetch GET 200 https://registry.npmjs.org/lodash.flatten 23ms (cache hit)
npm http fetch GET 200 https://registry.npmjs.org/lodash.defaults 24ms (cache hit)
npm http fetch GET 200 https://registry.npmjs.org/lodash.union 23ms (cache hit)
npm http fetch GET 200 https://registry.npmjs.org/normalize-path 23ms (cache hit)
npm http fetch GET 200 https://registry.npmjs.org/lodash.isplainobject 24ms (cache hit)
npm http fetch GET 200 https://registry.npmjs.org/string_decoder 23ms (cache hit)
npm http fetch GET 200 https://registry.npmjs.org/end-of-stream 22ms (cache hit)
npm http fetch GET 200 https://registry.npmjs.org/bl 23ms (cache hit)
npm http fetch GET 200 https://registry.npmjs.org/util-deprecate 25ms (cache hit)
npm http fetch GET 200 https://registry.npmjs.org/fs-constants 22ms (cache hit)
npm http fetch GET 200 https://registry.npmjs.org/compress-commons 21ms (cache hit)
npm http fetch GET 200 https://registry.npmjs.org/process-nextick-args 5ms (cache hit)
npm http fetch GET 200 https://registry.npmjs.org/core-util-is 8ms (cache hit)
npm http fetch GET 200 https://registry.npmjs.org/isarray 7ms (cache hit)
npm http fetch GET 200 https://registry.npmjs.org/event-stream 4ms (cache hit)
npm http fetch GET 200 https://registry.npmjs.org/rimraf 6ms (cache hit)
npm http fetch GET 200 https://registry.npmjs.org/color-convert 6ms (cache hit)
npm http fetch GET 200 https://registry.npmjs.org/has-flag 6ms (cache hit)
npm http fetch GET 200 https://registry.npmjs.org/color-name 3ms (cache hit)
npm http fetch GET 200 https://registry.npmjs.org/strip-ansi 5ms (cache hit)
npm http fetch GET 200 https://registry.npmjs.org/is-fullwidth-code-point 5ms (cache hit)
npm http fetch GET 200 https://registry.npmjs.org/emoji-regex 6ms (cache hit)
npm http fetch GET 200 https://registry.npmjs.org/base64-js 30ms (cache hit)
npm http fetch GET 200 https://registry.npmjs.org/lodash.once 32ms (cache hit)
npm http fetch GET 200 https://registry.npmjs.org/restore-cursor 32ms (cache hit)
npm http fetch GET 200 https://registry.npmjs.org/@colors%2fcolors 32ms (cache hit)
npm http fetch GET 200 https://registry.npmjs.org/ieee754 34ms (cache hit)
npm http fetch GET 200 https://registry.npmjs.org/onetime 34ms (cache hit)
npm http fetch GET 200 https://registry.npmjs.org/is-stream 34ms (cache hit)
npm http fetch GET 200 https://registry.npmjs.org/get-stream 35ms (cache hit)
npm http fetch GET 200 https://registry.npmjs.org/merge-stream 33ms (cache hit)
npm http fetch GET 200 https://registry.npmjs.org/cross-spawn 35ms (cache hit)
npm http fetch GET 200 https://registry.npmjs.org/signal-exit 37ms (cache hit)
npm http fetch GET 200 https://registry.npmjs.org/npm-run-path 37ms (cache hit)
npm http fetch GET 200 https://registry.npmjs.org/strip-final-newline 36ms (cache hit)
npm http fetch GET 200 https://registry.npmjs.org/get-stream 36ms (cache hit)
npm http fetch GET 200 https://registry.npmjs.org/human-signals 39ms (cache hit)
npm http fetch GET 200 https://registry.npmjs.org/@types%2fyauzl 30ms (cache hit)
npm http fetch GET 200 https://registry.npmjs.org/global-dirs 29ms (cache hit)
npm http fetch GET 200 https://registry.npmjs.org/at-least-node 32ms (cache hit)
npm http fetch GET 200 https://registry.npmjs.org/rfdc 29ms (cache hit)
npm http fetch GET 200 https://registry.npmjs.org/is-path-inside 31ms (cache hit)
npm http fetch GET 200 https://registry.npmjs.org/ci-info 33ms (cache hit)
npm http fetch GET 200 https://registry.npmjs.org/rxjs 33ms (cache hit)
npm http fetch GET 200 https://registry.npmjs.org/p-map 43ms (cache hit)
npm http fetch GET 200 https://registry.npmjs.org/through 43ms (cache hit)
npm http fetch GET 200 https://registry.npmjs.org/colorette 43ms (cache hit)
npm http fetch GET 200 https://registry.npmjs.org/wrap-ansi 43ms (cache hit)
npm http fetch GET 200 https://registry.npmjs.org/is-unicode-supported 41ms (cache hit)
npm http fetch GET 200 https://registry.npmjs.org/cli-truncate 42ms (cache hit)
npm http fetch GET 200 https://registry.npmjs.org/log-update 44ms (cache hit)
npm http fetch GET 200 https://registry.npmjs.org/throttleit 41ms (cache hit)
npm http fetch GET 200 https://registry.npmjs.org/fd-slicer 29ms (cache hit)
npm http fetch GET 200 https://registry.npmjs.org/delayed-stream 17ms (cache hit)
npm http fetch GET 200 https://registry.npmjs.org/asynckit 18ms (cache hit)
npm http fetch GET 200 https://registry.npmjs.org/jsprim 17ms (cache hit)
npm http fetch GET 200 https://registry.npmjs.org/side-channel 17ms (cache hit)
npm http fetch GET 200 https://registry.npmjs.org/assert-plus 18ms (cache hit)
npm http fetch GET 200 https://registry.npmjs.org/mime-db 18ms (cache hit)
npm http fetch GET 200 https://registry.npmjs.org/sshpk 20ms (cache hit)
npm http fetch GET 200 https://registry.npmjs.org/psl 20ms (cache hit)
npm http fetch GET 200 https://registry.npmjs.org/punycode 21ms (cache hit)
npm http fetch GET 200 https://registry.npmjs.org/url-parse 22ms (cache hit)
npm http fetch GET 200 https://registry.npmjs.org/lodash.isfunction 25ms (cache hit)
npm http fetch GET 200 https://registry.npmjs.org/escape-html 23ms (cache hit)
npm http fetch GET 200 https://registry.npmjs.org/lodash.isstring 26ms (cache hit)
npm http fetch GET 200 https://registry.npmjs.org/lodash.isempty 27ms (cache hit)
npm http fetch GET 200 https://registry.npmjs.org/lodash.isobject 27ms (cache hit)
npm http fetch GET 200 https://registry.npmjs.org/fsu 25ms (cache hit)
npm http fetch GET 200 https://registry.npmjs.org/lodash.isfunction 24ms (cache hit)
npm http fetch GET 200 https://registry.npmjs.org/prop-types 23ms (cache hit)
npm http fetch GET 200 https://registry.npmjs.org/dateformat 28ms (cache hit)
npm http fetch GET 200 https://registry.npmjs.org/tcomb 25ms (cache hit)
npm http fetch GET 200 https://registry.npmjs.org/yargs 32ms (cache hit)
npm http fetch GET 200 https://registry.npmjs.org/opener 34ms (cache hit)
npm http fetch GET 200 https://registry.npmjs.org/tcomb-validation 33ms (cache hit)
npm http fetch GET 200 https://registry.npmjs.org/yargs 34ms (cache hit)
npm http fetch GET 200 https://registry.npmjs.org/validator 44ms (cache hit)
npm http fetch GET 200 https://registry.npmjs.org/unbzip2-stream 10ms (cache hit)
npm http fetch GET 200 https://registry.npmjs.org/file-type 12ms (cache hit)
npm http fetch GET 200 https://registry.npmjs.org/seek-bzip 15ms (cache hit)
npm http fetch GET 200 https://registry.npmjs.org/file-type 21ms (cache hit)
npm http fetch GET 200 https://registry.npmjs.org/file-type 22ms (cache hit)
npm http fetch GET 200 https://registry.npmjs.org/is-natural-number 24ms (cache hit)
npm http fetch GET 200 https://registry.npmjs.org/file-type 27ms (cache hit)
npm http fetch GET 200 https://registry.npmjs.org/xtend 6ms (cache hit)
npm http fetch GET 200 https://registry.npmjs.org/buffer-alloc 8ms (cache hit)
npm http fetch GET 200 https://registry.npmjs.org/to-buffer 8ms (cache hit)
npm http fetch GET 200 https://registry.npmjs.org/object-assign 6ms (cache hit)
npm http fetch GET 200 https://registry.npmjs.org/pinkie-promise 7ms (cache hit)
npm http fetch GET 200 https://registry.npmjs.org/ansi-regex 3ms (cache hit)
npm http fetch GET 200 https://registry.npmjs.org/shebang-command 9ms (cache hit)
npm http fetch GET 200 https://registry.npmjs.org/pump 9ms (cache hit)
npm http fetch GET 200 https://registry.npmjs.org/path-key 10ms (cache hit)
npm http fetch GET 200 https://registry.npmjs.org/which 10ms (cache hit)
npm http fetch GET 200 https://registry.npmjs.org/mimic-fn 10ms (cache hit)
npm http fetch GET 200 https://registry.npmjs.org/path-key 10ms (cache hit)
npm http fetch GET 200 https://registry.npmjs.org/shebang-regex 6ms (cache hit)
npm http fetch GET 200 https://registry.npmjs.org/isexe 6ms (cache hit)
npm http fetch GET 200 https://registry.npmjs.org/@types%2fnode 14ms (cache hit)
npm http fetch GET 200 https://registry.npmjs.org/undici-types 4ms (cache hit)
npm http fetch GET 200 https://registry.npmjs.org/pinkie 3ms (cache hit)
npm http fetch GET 200 https://registry.npmjs.org/wrappy 6ms (cache hit)
npm http fetch GET 200 https://registry.npmjs.org/brace-expansion 7ms (cache hit)
npm http fetch GET 200 https://registry.npmjs.org/wrappy 6ms (cache hit)
npm http fetch GET 200 https://registry.npmjs.org/verror 17ms (cache hit)
npm http fetch GET 200 https://registry.npmjs.org/json-schema 18ms (cache hit)
npm http fetch GET 200 https://registry.npmjs.org/asn1 18ms (cache hit)
npm http fetch GET 200 https://registry.npmjs.org/dashdash 18ms (cache hit)
npm http fetch GET 200 https://registry.npmjs.org/extsprintf 21ms (cache hit)
npm http fetch GET 200 https://registry.npmjs.org/jsbn 18ms (cache hit)
npm http fetch GET 200 https://registry.npmjs.org/safer-buffer 20ms (cache hit)
npm http fetch GET 200 https://registry.npmjs.org/getpass 20ms (cache hit)
npm http fetch GET 200 https://registry.npmjs.org/ecc-jsbn 19ms (cache hit)
npm http fetch GET 200 https://registry.npmjs.org/tweetnacl 20ms (cache hit)
npm http fetch GET 200 https://registry.npmjs.org/bcrypt-pbkdf 20ms (cache hit)
npm http fetch GET 200 https://registry.npmjs.org/tslib 8ms (cache hit)
npm http fetch GET 200 https://registry.npmjs.org/ansi-escapes 11ms (cache hit)
npm http fetch GET 200 https://registry.npmjs.org/aggregate-error 11ms (cache hit)
npm http fetch GET 200 https://registry.npmjs.org/astral-regex 3ms (cache hit)
npm http fetch GET 200 https://registry.npmjs.org/type-fest 4ms (cache hit)
npm http fetch GET 200 https://registry.npmjs.org/balanced-match 4ms (cache hit)
npm http fetch GET 200 https://registry.npmjs.org/concat-map 5ms (cache hit)
npm http fetch GET 200 https://registry.npmjs.org/anymatch 28ms (cache hit)
npm http fetch GET 200 https://registry.npmjs.org/readdirp 28ms (cache hit)
npm http fetch GET 200 https://registry.npmjs.org/glob-parent 31ms (cache hit)
npm http fetch GET 200 https://registry.npmjs.org/locate-path 30ms (cache hit)
npm http fetch GET 200 https://registry.npmjs.org/braces 33ms (cache hit)
npm http fetch GET 200 https://registry.npmjs.org/is-binary-path 33ms (cache hit)
npm http fetch GET 200 https://registry.npmjs.org/argparse 29ms (cache hit)
npm http fetch GET 200 https://registry.npmjs.org/is-glob 34ms (cache hit)
npm http fetch GET 200 https://registry.npmjs.org/randombytes 30ms (cache hit)
npm http fetch GET 200 https://registry.npmjs.org/fsevents 34ms (cache hit)
npm http fetch GET 200 https://registry.npmjs.org/path-exists 35ms (cache hit)
npm http fetch GET 200 https://registry.npmjs.org/escalade 30ms (cache hit)
npm http fetch GET 200 https://registry.npmjs.org/camelcase 29ms (cache hit)
npm http fetch GET 200 https://registry.npmjs.org/is-plain-obj 30ms (cache hit)
npm http fetch GET 200 https://registry.npmjs.org/flat 31ms (cache hit)
npm http fetch GET 200 https://registry.npmjs.org/is-extglob 24ms (cache hit)
npm http fetch GET 200 https://registry.npmjs.org/picomatch 27ms (cache hit)
npm http fetch GET 200 https://registry.npmjs.org/picomatch 25ms (cache hit)
npm http fetch GET 200 https://registry.npmjs.org/fill-range 30ms (cache hit)
npm http fetch GET 200 https://registry.npmjs.org/binary-extensions 29ms (cache hit)
npm http fetch GET 200 https://registry.npmjs.org/to-regex-range 3ms (cache hit)
npm http fetch GET 200 https://registry.npmjs.org/is-number 3ms (cache hit)
npm http fetch GET 200 https://registry.npmjs.org/p-locate 3ms (cache hit)
npm http fetch GET 200 https://registry.npmjs.org/p-limit 3ms (cache hit)
npm http fetch GET 200 https://registry.npmjs.org/loose-envify 4ms (cache hit)
npm http fetch GET 200 https://registry.npmjs.org/react-is 9ms (cache hit)
npm http fetch GET 200 https://registry.npmjs.org/easy-stack 4ms (cache hit)
npm http fetch GET 200 https://registry.npmjs.org/yocto-queue 3ms (cache hit)
npm http fetch GET 200 https://registry.npmjs.org/clean-stack 4ms (cache hit)
npm http fetch GET 200 https://registry.npmjs.org/indent-string 5ms (cache hit)
npm http fetch GET 200 https://registry.npmjs.org/js-tokens 3ms (cache hit)
npm http fetch GET 200 https://registry.npmjs.org/duplexer 8ms (cache hit)
npm http fetch GET 200 https://registry.npmjs.org/map-stream 8ms (cache hit)
npm http fetch GET 200 https://registry.npmjs.org/split 8ms (cache hit)
npm http fetch GET 200 https://registry.npmjs.org/from 9ms (cache hit)
npm http fetch GET 200 https://registry.npmjs.org/stream-combiner 9ms (cache hit)
npm http fetch GET 200 https://registry.npmjs.org/pause-stream 10ms (cache hit)
npm http fetch GET 200 https://registry.npmjs.org/es-errors 8ms (cache hit)
npm http fetch GET 200 https://registry.npmjs.org/call-bind 9ms (cache hit)
npm http fetch GET 200 https://registry.npmjs.org/get-intrinsic 9ms (cache hit)
npm http fetch GET 200 https://registry.npmjs.org/object-inspect 9ms (cache hit)
npm http fetch GET 200 https://registry.npmjs.org/har-schema 5ms (cache hit)
npm http fetch GET 200 https://registry.npmjs.org/ajv 6ms (cache hit)
npm http fetch GET 200 https://registry.npmjs.org/uri-js 8ms (cache hit)
npm http fetch GET 200 https://registry.npmjs.org/json-schema-traverse 9ms (cache hit)
npm http fetch GET 200 https://registry.npmjs.org/fast-json-stable-stringify 8ms (cache hit)
npm http fetch GET 200 https://registry.npmjs.org/fast-deep-equal 10ms (cache hit)
npm http fetch GET 200 https://registry.npmjs.org/set-function-length 9ms (cache hit)
npm http fetch GET 200 https://registry.npmjs.org/es-define-property 11ms (cache hit)
npm http fetch GET 200 https://registry.npmjs.org/function-bind 11ms (cache hit)
npm http fetch GET 200 https://registry.npmjs.org/has-proto 11ms (cache hit)
npm http fetch GET 200 https://registry.npmjs.org/has-symbols 10ms (cache hit)
npm http fetch GET 200 https://registry.npmjs.org/function-bind 13ms (cache hit)
npm http fetch GET 200 https://registry.npmjs.org/hasown 13ms (cache hit)
npm http fetch GET 200 https://registry.npmjs.org/define-data-property 5ms (cache hit)
npm http fetch GET 200 https://registry.npmjs.org/gopd 6ms (cache hit)
npm http fetch GET 200 https://registry.npmjs.org/has-property-descriptors 5ms (cache hit)
npm http fetch GET 200 https://registry.npmjs.org/querystringify 6ms (cache hit)
npm http fetch GET 200 https://registry.npmjs.org/requires-port 6ms (cache hit)
npm http fetch GET 200 https://registry.npmjs.org/cli-boxes 15ms (cache hit)
npm http fetch GET 200 https://registry.npmjs.org/ansi-align 14ms (cache hit)
npm http fetch GET 200 https://registry.npmjs.org/widest-line 14ms (cache hit)
npm http fetch GET 200 https://registry.npmjs.org/dot-prop 14ms (cache hit)
npm http fetch GET 200 https://registry.npmjs.org/unique-string 15ms (cache hit)
npm http fetch GET 200 https://registry.npmjs.org/escape-goat 13ms (cache hit)
npm http fetch GET 200 https://registry.npmjs.org/write-file-atomic 15ms (cache hit)
npm http fetch GET 200 https://registry.npmjs.org/package-json 16ms (cache hit)
npm http fetch GET 200 https://registry.npmjs.org/eastasianwidth 5ms (cache hit)
npm http fetch GET 200 https://registry.npmjs.org/crypto-random-string 6ms (cache hit)
npm http fetch GET 200 https://registry.npmjs.org/imurmurhash 6ms (cache hit)
npm http fetch GET 200 https://registry.npmjs.org/is-obj 8ms (cache hit)
npm http fetch GET 200 https://registry.npmjs.org/typedarray-to-buffer 7ms (cache hit)
npm http fetch GET 200 https://registry.npmjs.org/registry-auth-token 4ms (cache hit)
npm http fetch GET 200 https://registry.npmjs.org/got 7ms (cache hit)
npm http fetch GET 200 https://registry.npmjs.org/registry-url 11ms (cache hit)
npm http fetch GET 200 https://registry.npmjs.org/responselike 20ms (cache hit)
npm http fetch GET 200 https://registry.npmjs.org/lowercase-keys 19ms (cache hit)
npm http fetch GET 200 https://registry.npmjs.org/p-cancelable 21ms (cache hit)
npm http fetch GET 200 https://registry.npmjs.org/http2-wrapper 21ms (cache hit)
npm http fetch GET 200 https://registry.npmjs.org/@sindresorhus%2fis 22ms (cache hit)
npm http fetch GET 200 https://registry.npmjs.org/form-data-encoder 20ms (cache hit)
npm http fetch GET 200 https://registry.npmjs.org/cacheable-lookup 25ms (cache hit)
npm http fetch GET 200 https://registry.npmjs.org/cacheable-request 24ms (cache hit)
npm http fetch GET 200 https://registry.npmjs.org/decompress-response 25ms (cache hit)
npm http fetch GET 200 https://registry.npmjs.org/@pnpm%2fnpm-conf 25ms (cache hit)
npm http fetch GET 200 https://registry.npmjs.org/@szmarczak%2fhttp-timer 29ms (cache hit)
npm http fetch GET 200 https://registry.npmjs.org/rc 29ms (cache hit)
npm http fetch GET 200 https://registry.npmjs.org/@types%2fhttp-cache-semantics 11ms (cache hit)
npm http fetch GET 200 https://registry.npmjs.org/defer-to-connect 13ms (cache hit)
npm http fetch GET 200 https://registry.npmjs.org/keyv 12ms (cache hit)
npm http fetch GET 200 https://registry.npmjs.org/http-cache-semantics 16ms (cache hit)
npm http fetch GET 200 https://registry.npmjs.org/mimic-response 16ms (cache hit)
npm http fetch GET 200 https://registry.npmjs.org/quick-lru 15ms (cache hit)
npm http fetch GET 200 https://registry.npmjs.org/mimic-response 16ms (cache hit)
npm http fetch GET 200 https://registry.npmjs.org/normalize-url 18ms (cache hit)
npm http fetch GET 200 https://registry.npmjs.org/resolve-alpn 18ms (cache hit)
npm http fetch GET 200 https://registry.npmjs.org/json-buffer 3ms (cache hit)
npm http fetch GET 200 https://registry.npmjs.org/@pnpm%2fnetwork.ca-file 5ms (cache hit)
npm http fetch GET 200 https://registry.npmjs.org/@pnpm%2fconfig.env-replace 6ms (cache hit)
npm http fetch GET 200 https://registry.npmjs.org/config-chain 5ms (cache hit)
npm http fetch GET 200 https://registry.npmjs.org/proto-list 3ms (cache hit)
npm http fetch GET 200 https://registry.npmjs.org/deep-extend 5ms (cache hit)
npm http fetch GET 200 https://registry.npmjs.org/pend 3ms (cache hit)
npm http fetch GET 200 https://registry.npmjs.org/crc32-stream 3ms (cache hit)
npm http fetch GET 200 https://registry.npmjs.org/crc-32 4ms (cache hit)
npm http fetch GET 200 https://registry.npmjs.org/buffer-fill 4ms (cache hit)
npm http fetch GET 200 https://registry.npmjs.org/buffer-alloc-unsafe 6ms (cache hit)
npm http fetch GET 200 https://registry.npmjs.org/p-try 4ms (cache hit)
npm verbose reify failed optional dependency C:\Users\pedro\Desktop\pgats\Disciplinas\06. Automação de Testes WEB\pgats_web_tests\tmpBstackPackages\node_modules\fsevents
npm warn deprecated inflight@1.0.6: This module is not supported, and leaks memory. Do not use it. Check out lru-cache if you want a good and tested way to coalesce async requests by a key value, which is much more comprehensive and powerful.
npm http fetch POST 200 https://registry.npmjs.org/-/npm/v1/security/advisories/bulk 790ms
npm warn deprecated rimraf@2.5.4: Rimraf versions prior to v4 are no longer supported
npm warn deprecated har-validator@5.1.5: this library is no longer supported
npm warn deprecated glob@7.2.3: Glob versions prior to v9 are no longer supported
npm warn deprecated glob@8.1.0: Glob versions prior to v9 are no longer supported
npm http fetch GET 200 https://registry.npmjs.org/request 179ms (cache hit)
npm http fetch GET 200 https://registry.npmjs.org/tough-cookie 181ms (cache hit)
npm http fetch GET 200 https://registry.npmjs.org/browserstack-cypress-cli 83ms (cache hit)
npm warn deprecated uuid@3.4.0: Please upgrade  to version 7 or higher.  Older versions may use Math.random() in certain circumstances, which is known to be problematic.  See https://v8.dev/blog/math-random for details.
npm warn deprecated request@2.88.2: request has been deprecated, see https://github.com/request/request/issues/3142
npm verbose stack Error: process terminated
npm verbose stack     at C:\Users\pedro\AppData\Roaming\npm\node_modules\npm\node_modules\@npmcli\arborist\lib\arborist\reify.js:293:39
npm verbose stack     at process.<anonymous> (C:\Users\pedro\AppData\Roaming\npm\node_modules\npm\node_modules\@npmcli\arborist\lib\signal-handling.js:53:5)
npm verbose stack     at process.emit (node:events:518:28)
npm error process terminated
npm error signal SIGINT
npm verbose cwd C:\Users\pedro\Desktop\pgats\Disciplinas\06. Automação de Testes WEB\pgats_web_tests\tmpBstackPackages
npm verbose os Windows_NT 10.0.19045
npm verbose node v20.12.1
npm verbose npm  v10.8.1
npm verbose exit 1
npm verbose code 1
npm error A complete log of this run can be found in: C:\Users\pedro\AppData\Local\npm-cache\_logs\2024-08-06T03_00_24_557Z-debug-0.log
